ARM GAS  C:\Users\chris\AppData\Local\Temp\ccgO7sSr.s 			page 1


   1              		.syntax unified
   2              		.cpu cortex-m3
   3              		.fpu softvfp
   4              		.eabi_attribute 20, 1
   5              		.eabi_attribute 21, 1
   6              		.eabi_attribute 23, 3
   7              		.eabi_attribute 24, 1
   8              		.eabi_attribute 25, 1
   9              		.eabi_attribute 26, 1
  10              		.eabi_attribute 30, 1
  11              		.eabi_attribute 34, 1
  12              		.eabi_attribute 18, 4
  13              		.thumb
  14              		.file	"Pixel_Int.c"
  15              		.text
  16              	.Ltext0:
  17              		.cfi_sections	.debug_frame
  18              	.Letext0:
  19              		.section	.debug_info,"",%progbits
  20              	.Ldebug_info0:
  21 0000 7C000000 		.4byte	0x7c
  22 0004 0400     		.2byte	0x4
  23 0006 00000000 		.4byte	.Ldebug_abbrev0
  24 000a 04       		.byte	0x4
  25 000b 01       		.uleb128 0x1
  26 000c 9B000000 		.4byte	.LASF13
  27 0010 01       		.byte	0x1
  28 0011 76000000 		.4byte	.LASF14
  29 0015 2D000000 		.4byte	.LASF15
  30 0019 00000000 		.4byte	.Ldebug_line0
  31 001d 02       		.uleb128 0x2
  32 001e 04       		.byte	0x4
  33 001f 05       		.byte	0x5
  34 0020 696E7400 		.ascii	"int\000"
  35 0024 03       		.uleb128 0x3
  36 0025 04       		.byte	0x4
  37 0026 07       		.byte	0x7
  38 0027 0E000000 		.4byte	.LASF0
  39 002b 03       		.uleb128 0x3
  40 002c 01       		.byte	0x1
  41 002d 06       		.byte	0x6
  42 002e 5F010000 		.4byte	.LASF1
  43 0032 03       		.uleb128 0x3
  44 0033 01       		.byte	0x1
  45 0034 08       		.byte	0x8
  46 0035 29010000 		.4byte	.LASF2
  47 0039 03       		.uleb128 0x3
  48 003a 02       		.byte	0x2
  49 003b 05       		.byte	0x5
  50 003c 71010000 		.4byte	.LASF3
  51 0040 03       		.uleb128 0x3
  52 0041 02       		.byte	0x2
  53 0042 07       		.byte	0x7
  54 0043 4C010000 		.4byte	.LASF4
  55 0047 03       		.uleb128 0x3
  56 0048 04       		.byte	0x4
  57 0049 05       		.byte	0x5
ARM GAS  C:\Users\chris\AppData\Local\Temp\ccgO7sSr.s 			page 2


  58 004a 3C010000 		.4byte	.LASF5
  59 004e 03       		.uleb128 0x3
  60 004f 04       		.byte	0x4
  61 0050 07       		.byte	0x7
  62 0051 1B000000 		.4byte	.LASF6
  63 0055 03       		.uleb128 0x3
  64 0056 08       		.byte	0x8
  65 0057 05       		.byte	0x5
  66 0058 00000000 		.4byte	.LASF7
  67 005c 03       		.uleb128 0x3
  68 005d 08       		.byte	0x8
  69 005e 07       		.byte	0x7
  70 005f 5F000000 		.4byte	.LASF8
  71 0063 03       		.uleb128 0x3
  72 0064 04       		.byte	0x4
  73 0065 07       		.byte	0x7
  74 0066 7B010000 		.4byte	.LASF9
  75 006a 03       		.uleb128 0x3
  76 006b 01       		.byte	0x1
  77 006c 08       		.byte	0x8
  78 006d 37010000 		.4byte	.LASF10
  79 0071 03       		.uleb128 0x3
  80 0072 04       		.byte	0x4
  81 0073 04       		.byte	0x4
  82 0074 6B010000 		.4byte	.LASF11
  83 0078 03       		.uleb128 0x3
  84 0079 08       		.byte	0x8
  85 007a 04       		.byte	0x4
  86 007b 45010000 		.4byte	.LASF12
  87 007f 00       		.byte	0
  88              		.section	.debug_abbrev,"",%progbits
  89              	.Ldebug_abbrev0:
  90 0000 01       		.uleb128 0x1
  91 0001 11       		.uleb128 0x11
  92 0002 01       		.byte	0x1
  93 0003 25       		.uleb128 0x25
  94 0004 0E       		.uleb128 0xe
  95 0005 13       		.uleb128 0x13
  96 0006 0B       		.uleb128 0xb
  97 0007 03       		.uleb128 0x3
  98 0008 0E       		.uleb128 0xe
  99 0009 1B       		.uleb128 0x1b
 100 000a 0E       		.uleb128 0xe
 101 000b 10       		.uleb128 0x10
 102 000c 17       		.uleb128 0x17
 103 000d 00       		.byte	0
 104 000e 00       		.byte	0
 105 000f 02       		.uleb128 0x2
 106 0010 24       		.uleb128 0x24
 107 0011 00       		.byte	0
 108 0012 0B       		.uleb128 0xb
 109 0013 0B       		.uleb128 0xb
 110 0014 3E       		.uleb128 0x3e
 111 0015 0B       		.uleb128 0xb
 112 0016 03       		.uleb128 0x3
 113 0017 08       		.uleb128 0x8
 114 0018 00       		.byte	0
ARM GAS  C:\Users\chris\AppData\Local\Temp\ccgO7sSr.s 			page 3


 115 0019 00       		.byte	0
 116 001a 03       		.uleb128 0x3
 117 001b 24       		.uleb128 0x24
 118 001c 00       		.byte	0
 119 001d 0B       		.uleb128 0xb
 120 001e 0B       		.uleb128 0xb
 121 001f 3E       		.uleb128 0x3e
 122 0020 0B       		.uleb128 0xb
 123 0021 03       		.uleb128 0x3
 124 0022 0E       		.uleb128 0xe
 125 0023 00       		.byte	0
 126 0024 00       		.byte	0
 127 0025 00       		.byte	0
 128              		.section	.debug_aranges,"",%progbits
 129 0000 14000000 		.4byte	0x14
 130 0004 0200     		.2byte	0x2
 131 0006 00000000 		.4byte	.Ldebug_info0
 132 000a 04       		.byte	0x4
 133 000b 00       		.byte	0
 134 000c 0000     		.2byte	0
 135 000e 0000     		.2byte	0
 136 0010 00000000 		.4byte	0
 137 0014 00000000 		.4byte	0
 138              		.section	.debug_line,"",%progbits
 139              	.Ldebug_line0:
 140 0000 19000000 		.section	.debug_str,"MS",%progbits,1
 140      02001300 
 140      00000201 
 140      FB0E0D00 
 140      01010101 
 141              	.LASF7:
 142 0000 6C6F6E67 		.ascii	"long long int\000"
 142      206C6F6E 
 142      6720696E 
 142      7400
 143              	.LASF0:
 144 000e 756E7369 		.ascii	"unsigned int\000"
 144      676E6564 
 144      20696E74 
 144      00
 145              	.LASF6:
 146 001b 6C6F6E67 		.ascii	"long unsigned int\000"
 146      20756E73 
 146      69676E65 
 146      6420696E 
 146      7400
 147              	.LASF15:
 148 002d 433A5C55 		.ascii	"C:\\Users\\chris\\Documents\\PSoC Creator\\FP\\FP.c"
 148      73657273 
 148      5C636872 
 148      69735C44 
 148      6F63756D 
 149 005a 7964736E 		.ascii	"ydsn\000"
 149      00
 150              	.LASF8:
 151 005f 6C6F6E67 		.ascii	"long long unsigned int\000"
 151      206C6F6E 
ARM GAS  C:\Users\chris\AppData\Local\Temp\ccgO7sSr.s 			page 4


 151      6720756E 
 151      7369676E 
 151      65642069 
 152              	.LASF14:
 153 0076 2E5C4765 		.ascii	".\\Generated_Source\\PSoC5\\Pixel_Int.c\000"
 153      6E657261 
 153      7465645F 
 153      536F7572 
 153      63655C50 
 154              	.LASF13:
 155 009b 474E5520 		.ascii	"GNU C 4.9.3 20150303 (release) [ARM/embedded-4_9-br"
 155      4320342E 
 155      392E3320 
 155      32303135 
 155      30333033 
 156 00ce 616E6368 		.ascii	"anch revision 221220] -mcpu=cortex-m3 -mthumb -g -O"
 156      20726576 
 156      6973696F 
 156      6E203232 
 156      31323230 
 157 0101 67202D66 		.ascii	"g -ffunction-sections -ffat-lto-objects\000"
 157      66756E63 
 157      74696F6E 
 157      2D736563 
 157      74696F6E 
 158              	.LASF2:
 159 0129 756E7369 		.ascii	"unsigned char\000"
 159      676E6564 
 159      20636861 
 159      7200
 160              	.LASF10:
 161 0137 63686172 		.ascii	"char\000"
 161      00
 162              	.LASF5:
 163 013c 6C6F6E67 		.ascii	"long int\000"
 163      20696E74 
 163      00
 164              	.LASF12:
 165 0145 646F7562 		.ascii	"double\000"
 165      6C6500
 166              	.LASF4:
 167 014c 73686F72 		.ascii	"short unsigned int\000"
 167      7420756E 
 167      7369676E 
 167      65642069 
 167      6E7400
 168              	.LASF1:
 169 015f 7369676E 		.ascii	"signed char\000"
 169      65642063 
 169      68617200 
 170              	.LASF11:
 171 016b 666C6F61 		.ascii	"float\000"
 171      7400
 172              	.LASF3:
 173 0171 73686F72 		.ascii	"short int\000"
 173      7420696E 
 173      7400
ARM GAS  C:\Users\chris\AppData\Local\Temp\ccgO7sSr.s 			page 5


 174              	.LASF9:
 175 017b 73697A65 		.ascii	"sizetype\000"
 175      74797065 
 175      00
 176              		.ident	"GCC: (GNU Tools for ARM Embedded Processors) 4.9.3 20150303 (release) [ARM/embedded-4_9-br
